<?xml version="1.0" encoding="UTF-8"?>
<coverage generated="1725730117">
  <project timestamp="1725730117">
    <file name="/home/runner/work/laravel-elasticsearch/laravel-elasticsearch/src/Collection/ElasticCollection.php">
      <class name="PDPhilip\Elasticsearch\Collection\ElasticCollection" namespace="global">
        <metrics complexity="1" methods="1" coveredmethods="1" conditionals="0" coveredconditionals="0" statements="1" coveredstatements="1" elements="2" coveredelements="2"/>
      </class>
      <line num="21" type="method" name="__construct" visibility="public" complexity="1" crap="1" count="99"/>
      <line num="23" type="stmt" count="99"/>
      <metrics loc="26" ncloc="17" classes="1" methods="1" coveredmethods="1" conditionals="0" coveredconditionals="0" statements="1" coveredstatements="1" elements="2" coveredelements="2"/>
    </file>
    <file name="/home/runner/work/laravel-elasticsearch/laravel-elasticsearch/src/Collection/ElasticCollectionMeta.php">
      <class name="PDPhilip\Elasticsearch\Collection\ElasticCollectionMeta" namespace="global">
        <metrics complexity="9" methods="9" coveredmethods="3" conditionals="0" coveredconditionals="0" statements="12" coveredstatements="3" elements="21" coveredelements="6"/>
      </class>
      <line num="11" type="method" name="setQueryMeta" visibility="public" complexity="1" crap="1" count="88"/>
      <line num="13" type="stmt" count="88"/>
      <line num="16" type="method" name="getQueryMeta" visibility="public" complexity="1" crap="1" count="88"/>
      <line num="18" type="stmt" count="88"/>
      <line num="21" type="method" name="getQueryMetaAsArray" visibility="public" complexity="1" crap="1" count="14"/>
      <line num="23" type="stmt" count="14"/>
      <line num="26" type="method" name="getDsl" visibility="public" complexity="1" crap="2" count="0"/>
      <line num="28" type="stmt" count="0"/>
      <line num="29" type="stmt" count="0"/>
      <line num="30" type="stmt" count="0"/>
      <line num="31" type="stmt" count="0"/>
      <line num="34" type="method" name="getTook" visibility="public" complexity="1" crap="2" count="0"/>
      <line num="36" type="stmt" count="0"/>
      <line num="39" type="method" name="getShards" visibility="public" complexity="1" crap="2" count="0"/>
      <line num="41" type="stmt" count="0"/>
      <line num="44" type="method" name="getTotal" visibility="public" complexity="1" crap="2" count="0"/>
      <line num="46" type="stmt" count="0"/>
      <line num="49" type="method" name="getMaxScore" visibility="public" complexity="1" crap="2" count="0"/>
      <line num="51" type="stmt" count="0"/>
      <line num="54" type="method" name="getResults" visibility="public" complexity="1" crap="2" count="0"/>
      <line num="56" type="stmt" count="0"/>
      <metrics loc="59" ncloc="59" classes="1" methods="9" coveredmethods="3" conditionals="0" coveredconditionals="0" statements="12" coveredstatements="3" elements="21" coveredelements="6"/>
    </file>
    <file name="/home/runner/work/laravel-elasticsearch/laravel-elasticsearch/src/Collection/ElasticResult.php">
      <class name="PDPhilip\Elasticsearch\Collection\ElasticResult" namespace="global">
        <metrics complexity="5" methods="5" coveredmethods="3" conditionals="0" coveredconditionals="0" statements="5" coveredstatements="3" elements="10" coveredelements="6"/>
      </class>
      <line num="14" type="method" name="__construct" visibility="public" complexity="1" crap="1" count="11"/>
      <line num="16" type="stmt" count="11"/>
      <line num="19" type="method" name="setValue" visibility="public" complexity="1" crap="1" count="11"/>
      <line num="21" type="stmt" count="11"/>
      <line num="24" type="method" name="getValue" visibility="public" complexity="1" crap="1" count="11"/>
      <line num="26" type="stmt" count="11"/>
      <line num="29" type="method" name="__invoke" visibility="public" complexity="1" crap="2" count="0"/>
      <line num="31" type="stmt" count="0"/>
      <line num="34" type="method" name="__toString" visibility="public" complexity="1" crap="2" count="0"/>
      <line num="36" type="stmt" count="0"/>
      <metrics loc="39" ncloc="36" classes="1" methods="5" coveredmethods="3" conditionals="0" coveredconditionals="0" statements="5" coveredstatements="3" elements="10" coveredelements="6"/>
    </file>
    <file name="/home/runner/work/laravel-elasticsearch/laravel-elasticsearch/src/Collection/LazyElasticCollection.php">
      <class name="PDPhilip\Elasticsearch\Collection\LazyElasticCollection" namespace="global">
        <metrics complexity="0" methods="0" coveredmethods="0" conditionals="0" coveredconditionals="0" statements="0" coveredstatements="0" elements="0" coveredelements="0"/>
      </class>
      <metrics loc="17" ncloc="11" classes="0" methods="0" coveredmethods="0" conditionals="0" coveredconditionals="0" statements="0" coveredstatements="0" elements="0" coveredelements="0"/>
    </file>
    <file name="/home/runner/work/laravel-elasticsearch/laravel-elasticsearch/src/Connection.php">
      <class name="PDPhilip\Elasticsearch\Connection" namespace="global">
        <metrics complexity="50" methods="27" coveredmethods="14" conditionals="0" coveredconditionals="0" statements="99" coveredstatements="60" elements="126" coveredelements="74"/>
      </class>
      <line num="72" type="method" name="__construct" visibility="public" complexity="1" crap="1" count="128"/>
      <line num="75" type="stmt" count="128"/>
      <line num="77" type="stmt" count="128"/>
      <line num="79" type="stmt" count="128"/>
      <line num="81" type="stmt" count="128"/>
      <line num="83" type="stmt" count="128"/>
      <line num="85" type="stmt" count="128"/>
      <line num="87" type="stmt" count="128"/>
      <line num="90" type="method" name="setOptions" visibility="public" complexity="8" crap="19.94" count="128"/>
      <line num="92" type="stmt" count="128"/>
      <line num="93" type="stmt" count="0"/>
      <line num="95" type="stmt" count="128"/>
      <line num="96" type="stmt" count="0"/>
      <line num="98" type="stmt" count="128"/>
      <line num="99" type="stmt" count="0"/>
      <line num="101" type="stmt" count="128"/>
      <line num="102" type="stmt" count="0"/>
      <line num="104" type="stmt" count="128"/>
      <line num="105" type="stmt" count="0"/>
      <line num="107" type="stmt" count="128"/>
      <line num="108" type="stmt" count="0"/>
      <line num="109" type="stmt" count="0"/>
      <line num="111" type="stmt" count="0"/>
      <line num="116" type="method" name="buildConnection" visibility="protected" complexity="2" crap="2.03" count="128"/>
      <line num="118" type="stmt" count="128"/>
      <line num="119" type="stmt" count="128"/>
      <line num="120" type="stmt" count="128"/>
      <line num="121" type="stmt" count="0"/>
      <line num="124" type="stmt" count="128"/>
      <line num="127" type="method" name="getTablePrefix" visibility="public" complexity="1" crap="2" count="0"/>
      <line num="129" type="stmt" count="0"/>
      <line num="132" type="method" name="getIndexPrefix" visibility="public" complexity="1" crap="1" count="128"/>
      <line num="134" type="stmt" count="128"/>
      <line num="137" type="method" name="getPostProcessor" visibility="public" complexity="1" crap="1" count="107"/>
      <line num="139" type="stmt" count="107"/>
      <line num="142" type="method" name="setIndexPrefix" visibility="public" complexity="1" crap="1" count="1"/>
      <line num="144" type="stmt" count="1"/>
      <line num="147" type="method" name="getErrorLoggingIndex" visibility="public" complexity="1" crap="1" count="128"/>
      <line num="149" type="stmt" count="128"/>
      <line num="152" type="method" name="getSchemaGrammar" visibility="public" complexity="1" crap="2" count="0"/>
      <line num="154" type="stmt" count="0"/>
      <line num="157" type="method" name="getIndex" visibility="public" complexity="1" crap="1" count="128"/>
      <line num="159" type="stmt" count="128"/>
      <line num="162" type="method" name="setIndex" visibility="public" complexity="3" crap="3" count="128"/>
      <line num="164" type="stmt" count="128"/>
      <line num="165" type="stmt" count="128"/>
      <line num="166" type="stmt" count="1"/>
      <line num="167" type="stmt" count="1"/>
      <line num="171" type="stmt" count="128"/>
      <line num="174" type="method" name="table" visibility="public" complexity="1" crap="2" count="0"/>
      <line num="176" type="stmt" count="0"/>
      <line num="178" type="stmt" count="0"/>
      <line num="184" type="method" name="getSchemaBuilder" visibility="public" complexity="1" crap="1" count="128"/>
      <line num="186" type="stmt" count="128"/>
      <line num="192" type="method" name="disconnect" visibility="public" complexity="1" crap="2" count="0"/>
      <line num="194" type="stmt" count="0"/>
      <line num="200" type="method" name="getDriverName" visibility="public" complexity="1" crap="2" count="0"/>
      <line num="202" type="stmt" count="0"/>
      <line num="205" type="method" name="rebuildConnection" visibility="public" complexity="1" crap="2" count="0"/>
      <line num="207" type="stmt" count="0"/>
      <line num="210" type="method" name="getClient" visibility="public" complexity="1" crap="1" count="128"/>
      <line num="212" type="stmt" count="128"/>
      <line num="215" type="method" name="getMaxSize" visibility="public" complexity="1" crap="1" count="128"/>
      <line num="217" type="stmt" count="128"/>
      <line num="220" type="method" name="setMaxSize" visibility="public" complexity="1" crap="1" count="107"/>
      <line num="222" type="stmt" count="107"/>
      <line num="225" type="method" name="getAllowIdSort" visibility="public" complexity="1" crap="1" count="8"/>
      <line num="227" type="stmt" count="8"/>
      <line num="230" type="method" name="__call" visibility="public" complexity="3" crap="3.71" count="128"/>
      <line num="232" type="stmt" count="128"/>
      <line num="233" type="stmt" count="0"/>
      <line num="235" type="stmt" count="128"/>
      <line num="236" type="stmt" count="0"/>
      <line num="237" type="stmt" count="0"/>
      <line num="239" type="stmt" count="128"/>
      <line num="241" type="stmt" count="128"/>
      <line num="247" type="method" name="getDefaultPostProcessor" visibility="protected" complexity="1" crap="2" count="0"/>
      <line num="249" type="stmt" count="0"/>
      <line num="259" type="method" name="getDefaultQueryGrammar" visibility="protected" complexity="1" crap="1" count="128"/>
      <line num="261" type="stmt" count="128"/>
      <line num="267" type="method" name="getDefaultSchemaGrammar" visibility="protected" complexity="1" crap="1" count="128"/>
      <line num="269" type="stmt" count="128"/>
      <line num="272" type="method" name="_httpConnection" visibility="protected" complexity="4" crap="4.07" count="128"/>
      <line num="274" type="stmt" count="128"/>
      <line num="275" type="stmt" count="128"/>
      <line num="276" type="stmt" count="128"/>
      <line num="277" type="stmt" count="128"/>
      <line num="278" type="stmt" count="128"/>
      <line num="279" type="stmt" count="128"/>
      <line num="280" type="stmt" count="128"/>
      <line num="281" type="stmt" count="128"/>
      <line num="282" type="stmt" count="0"/>
      <line num="284" type="stmt" count="128"/>
      <line num="285" type="stmt" count="0"/>
      <line num="288" type="stmt" count="128"/>
      <line num="291" type="method" name="_builderOptions" visibility="protected" complexity="6" crap="6.92" count="128"/>
      <line num="293" type="stmt" count="128"/>
      <line num="294" type="stmt" count="128"/>
      <line num="295" type="stmt" count="0"/>
      <line num="298" type="stmt" count="128"/>
      <line num="299" type="stmt" count="0"/>
      <line num="301" type="stmt" count="128"/>
      <line num="302" type="stmt" count="128"/>
      <line num="303" type="stmt" count="0"/>
      <line num="305" type="stmt" count="128"/>
      <line num="306" type="stmt" count="128"/>
      <line num="307" type="stmt" count="128"/>
      <line num="308" type="stmt" count="128"/>
      <line num="309" type="stmt" count="128"/>
      <line num="310" type="stmt" count="0"/>
      <line num="312" type="stmt" count="128"/>
      <line num="313" type="stmt" count="0"/>
      <line num="316" type="stmt" count="128"/>
      <line num="323" type="method" name="_cloudConnection" visibility="protected" complexity="4" crap="20" count="0"/>
      <line num="325" type="stmt" count="0"/>
      <line num="326" type="stmt" count="0"/>
      <line num="327" type="stmt" count="0"/>
      <line num="328" type="stmt" count="0"/>
      <line num="329" type="stmt" count="0"/>
      <line num="331" type="stmt" count="0"/>
      <line num="332" type="stmt" count="0"/>
      <line num="333" type="stmt" count="0"/>
      <line num="334" type="stmt" count="0"/>
      <line num="336" type="stmt" count="0"/>
      <line num="337" type="stmt" count="0"/>
      <line num="340" type="stmt" count="0"/>
      <metrics loc="343" ncloc="287" classes="1" methods="27" coveredmethods="14" conditionals="0" coveredconditionals="0" statements="99" coveredstatements="60" elements="126" coveredelements="74"/>
    </file>
    <file name="/home/runner/work/laravel-elasticsearch/laravel-elasticsearch/src/DSL/Bridge.php">
      <class name="PDPhilip\Elasticsearch\DSL\Bridge" namespace="global">
        <metrics complexity="199" methods="59" coveredmethods="16" conditionals="0" coveredconditionals="0" statements="610" coveredstatements="331" elements="669" coveredelements="347"/>
      </class>
      <line num="34" type="method" name="__construct" visibility="public" complexity="1" crap="1" count="128"/>
      <line num="36" type="stmt" count="128"/>
      <line num="37" type="stmt" count="128"/>
      <line num="38" type="stmt" count="128"/>
      <line num="39" type="stmt" count="128"/>
      <line num="40" type="stmt" count="128"/>
      <line num="41" type="stmt" count="128"/>
      <line num="51" type="method" name="processOpenPit" visibility="public" complexity="3" crap="3.04" count="3"/>
      <line num="53" type="stmt" count="3"/>
      <line num="54" type="stmt" count="3"/>
      <line num="55" type="stmt" count="3"/>
      <line num="57" type="stmt" count="3"/>
      <line num="58" type="stmt" count="3"/>
      <line num="60" type="stmt" count="3"/>
      <line num="61" type="stmt" count="3"/>
      <line num="62" type="stmt" count="3"/>
      <line num="63" type="stmt" count="3"/>
      <line num="65" type="stmt" count="0"/>
      <line num="66" type="stmt" count="0"/>
      <line num="69" type="stmt" count="3"/>
      <line num="76" type="method" name="processPitFind" visibility="public" complexity="4" crap="4.03" count="3"/>
      <line num="84" type="stmt" count="3"/>
      <line num="85" type="stmt" count="3"/>
      <line num="87" type="stmt" count="3"/>
      <line num="88" type="stmt" count="3"/>
      <line num="89" type="stmt" count="3"/>
      <line num="90" type="stmt" count="3"/>
      <line num="91" type="stmt" count="3"/>
      <line num="92" type="stmt" count="3"/>
      <line num="95" type="stmt" count="3"/>
      <line num="97" type="stmt" count="3"/>
      <line num="98" type="stmt" count="2"/>
      <line num="100" type="stmt" count="3"/>
      <line num="102" type="stmt" count="3"/>
      <line num="103" type="stmt" count="0"/>
      <line num="104" type="stmt" count="0"/>
      <line num="107" type="stmt" count="3"/>
      <line num="113" type="method" name="processClosePit" visibility="public" complexity="2" crap="2.02" count="3"/>
      <line num="115" type="stmt" count="3"/>
      <line num="116" type="stmt" count="3"/>
      <line num="117" type="stmt" count="3"/>
      <line num="118" type="stmt" count="3"/>
      <line num="119" type="stmt" count="3"/>
      <line num="120" type="stmt" count="3"/>
      <line num="121" type="stmt" count="3"/>
      <line num="123" type="stmt" count="3"/>
      <line num="124" type="stmt" count="3"/>
      <line num="125" type="stmt" count="0"/>
      <line num="126" type="stmt" count="0"/>
      <line num="129" type="stmt" count="3"/>
      <line num="139" type="method" name="processSearchRaw" visibility="public" complexity="3" crap="3.05" count="1"/>
      <line num="141" type="stmt" count="1"/>
      <line num="142" type="stmt" count="1"/>
      <line num="143" type="stmt" count="1"/>
      <line num="145" type="stmt" count="1"/>
      <line num="146" type="stmt" count="1"/>
      <line num="148" type="stmt" count="1"/>
      <line num="149" type="stmt" count="1"/>
      <line num="150" type="stmt" count="1"/>
      <line num="152" type="stmt" count="0"/>
      <line num="153" type="stmt" count="0"/>
      <line num="156" type="stmt" count="1"/>
      <line num="162" type="method" name="processAggregationRaw" visibility="public" complexity="2" crap="2.04" count="1"/>
      <line num="164" type="stmt" count="1"/>
      <line num="165" type="stmt" count="1"/>
      <line num="166" type="stmt" count="1"/>
      <line num="167" type="stmt" count="1"/>
      <line num="168" type="stmt" count="1"/>
      <line num="170" type="stmt" count="1"/>
      <line num="171" type="stmt" count="0"/>
      <line num="172" type="stmt" count="0"/>
      <line num="175" type="stmt" count="1"/>
      <line num="181" type="method" name="processIndicesDsl" visibility="public" complexity="2" crap="6" count="0"/>
      <line num="183" type="stmt" count="0"/>
      <line num="185" type="stmt" count="0"/>
      <line num="186" type="stmt" count="0"/>
      <line num="187" type="stmt" count="0"/>
      <line num="190" type="stmt" count="0"/>
      <line num="201" type="method" name="processToDsl" visibility="public" complexity="1" crap="1" count="1"/>
      <line num="203" type="stmt" count="1"/>
      <line num="210" type="method" name="processToDslForSearch" visibility="public" complexity="1" crap="2" count="0"/>
      <line num="212" type="stmt" count="0"/>
      <line num="223" type="method" name="processFind" visibility="public" complexity="1" crap="1" count="78"/>
      <line num="225" type="stmt" count="78"/>
      <line num="227" type="stmt" count="78"/>
      <line num="234" type="method" name="processSearch" visibility="public" complexity="1" crap="1" count="10"/>
      <line num="236" type="stmt" count="10"/>
      <line num="238" type="stmt" count="10"/>
      <line num="244" type="method" name="_returnSearch" visibility="protected" complexity="3" crap="3.21" count="88"/>
      <line num="246" type="stmt" count="88"/>
      <line num="247" type="stmt" count="64"/>
      <line num="249" type="stmt" count="88"/>
      <line num="251" type="stmt" count="88"/>
      <line num="252" type="stmt" count="0"/>
      <line num="253" type="stmt" count="0"/>
      <line num="256" type="stmt" count="88"/>
      <line num="266" type="method" name="processDistinct" visibility="public" complexity="8" crap="8.12" count="5"/>
      <line num="268" type="stmt" count="5"/>
      <line num="269" type="stmt" count="0"/>
      <line num="271" type="stmt" count="5"/>
      <line num="272" type="stmt" count="5"/>
      <line num="273" type="stmt" count="5"/>
      <line num="274" type="stmt" count="5"/>
      <line num="275" type="stmt" count="5"/>
      <line num="276" type="stmt" count="5"/>
      <line num="278" type="stmt" count="5"/>
      <line num="279" type="stmt" count="2"/>
      <line num="280" type="stmt" count="2"/>
      <line num="281" type="stmt" count="2"/>
      <line num="284" type="stmt" count="5"/>
      <line num="285" type="stmt" count="5"/>
      <line num="286" type="stmt" count="5"/>
      <line num="288" type="stmt" count="5"/>
      <line num="289" type="stmt" count="5"/>
      <line num="290" type="stmt" count="5"/>
      <line num="291" type="stmt" count="5"/>
      <line num="294" type="stmt" count="5"/>
      <line num="295" type="stmt" count="5"/>
      <line num="297" type="stmt" count="0"/>
      <line num="298" type="stmt" count="0"/>
      <line num="301" type="stmt" count="5"/>
      <line num="311" type="method" name="processSave" visibility="public" complexity="7" crap="7.03" count="90"/>
      <line num="313" type="stmt" count="90"/>
      <line num="314" type="stmt" count="90"/>
      <line num="315" type="stmt" count="19"/>
      <line num="316" type="stmt" count="19"/>
      <line num="318" type="stmt" count="90"/>
      <line num="319" type="stmt" count="19"/>
      <line num="321" type="stmt" count="90"/>
      <line num="322" type="stmt" count="19"/>
      <line num="325" type="stmt" count="90"/>
      <line num="326" type="stmt" count="90"/>
      <line num="327" type="stmt" count="90"/>
      <line num="328" type="stmt" count="90"/>
      <line num="329" type="stmt" count="90"/>
      <line num="330" type="stmt" count="19"/>
      <line num="332" type="stmt" count="90"/>
      <line num="333" type="stmt" count="83"/>
      <line num="335" type="stmt" count="90"/>
      <line num="336" type="stmt" count="90"/>
      <line num="338" type="stmt" count="90"/>
      <line num="339" type="stmt" count="90"/>
      <line num="340" type="stmt" count="0"/>
      <line num="341" type="stmt" count="0"/>
      <line num="344" type="stmt" count="90"/>
      <line num="357" type="method" name="processInsertBulk" visibility="public" complexity="11" crap="12.58" count="14"/>
      <line num="359" type="stmt" count="14"/>
      <line num="362" type="stmt" count="14"/>
      <line num="363" type="stmt" count="13"/>
      <line num="367" type="stmt" count="14"/>
      <line num="368" type="stmt" count="14"/>
      <line num="370" type="stmt" count="14"/>
      <line num="371" type="stmt" count="0"/>
      <line num="372" type="stmt" count="0"/>
      <line num="374" type="stmt" count="14"/>
      <line num="375" type="stmt" count="0"/>
      <line num="377" type="stmt" count="14"/>
      <line num="378" type="stmt" count="0"/>
      <line num="381" type="stmt" count="14"/>
      <line num="382" type="stmt" count="14"/>
      <line num="383" type="stmt" count="14"/>
      <line num="384" type="stmt" count="14"/>
      <line num="387" type="stmt" count="14"/>
      <line num="388" type="stmt" count="14"/>
      <line num="389" type="stmt" count="14"/>
      <line num="390" type="stmt" count="14"/>
      <line num="391" type="stmt" count="14"/>
      <line num="392" type="stmt" count="14"/>
      <line num="393" type="stmt" count="14"/>
      <line num="394" type="stmt" count="14"/>
      <line num="395" type="stmt" count="14"/>
      <line num="396" type="stmt" count="14"/>
      <line num="397" type="stmt" count="14"/>
      <line num="399" type="stmt" count="14"/>
      <line num="400" type="stmt" count="14"/>
      <line num="401" type="stmt" count="14"/>
      <line num="402" type="stmt" count="14"/>
      <line num="403" type="stmt" count="14"/>
      <line num="404" type="stmt" count="14"/>
      <line num="405" type="stmt" count="14"/>
      <line num="406" type="stmt" count="14"/>
      <line num="407" type="stmt" count="14"/>
      <line num="408" type="stmt" count="0"/>
      <line num="409" type="stmt" count="0"/>
      <line num="410" type="stmt" count="0"/>
      <line num="411" type="stmt" count="0"/>
      <line num="412" type="stmt" count="0"/>
      <line num="414" type="stmt" count="14"/>
      <line num="415" type="stmt" count="14"/>
      <line num="416" type="stmt" count="14"/>
      <line num="417" type="stmt" count="14"/>
      <line num="419" type="stmt" count="0"/>
      <line num="421" type="stmt" count="14"/>
      <line num="422" type="stmt" count="1"/>
      <line num="426" type="stmt" count="0"/>
      <line num="427" type="stmt" count="0"/>
      <line num="430" type="stmt" count="14"/>
      <line num="436" type="method" name="processInsertOne" visibility="public" complexity="1" crap="2" count="0"/>
      <line num="438" type="stmt" count="0"/>
      <line num="445" type="method" name="processUpdateMany" visibility="public" complexity="5" crap="5.01" count="19"/>
      <line num="447" type="stmt" count="19"/>
      <line num="448" type="stmt" count="19"/>
      <line num="449" type="stmt" count="19"/>
      <line num="450" type="stmt" count="19"/>
      <line num="452" type="stmt" count="19"/>
      <line num="453" type="stmt" count="19"/>
      <line num="455" type="stmt" count="19"/>
      <line num="456" type="stmt" count="19"/>
      <line num="458" type="stmt" count="19"/>
      <line num="459" type="stmt" count="19"/>
      <line num="460" type="stmt" count="19"/>
      <line num="461" type="stmt" count="19"/>
      <line num="463" type="stmt" count="0"/>
      <line num="468" type="stmt" count="19"/>
      <line num="469" type="stmt" count="19"/>
      <line num="470" type="stmt" count="19"/>
      <line num="472" type="stmt" count="19"/>
      <line num="479" type="method" name="processIncrementMany" visibility="public" complexity="7" crap="56" count="0"/>
      <line num="483" type="stmt" count="0"/>
      <line num="484" type="stmt" count="0"/>
      <line num="485" type="stmt" count="0"/>
      <line num="487" type="stmt" count="0"/>
      <line num="488" type="stmt" count="0"/>
      <line num="489" type="stmt" count="0"/>
      <line num="490" type="stmt" count="0"/>
      <line num="491" type="stmt" count="0"/>
      <line num="492" type="stmt" count="0"/>
      <line num="494" type="stmt" count="0"/>
      <line num="495" type="stmt" count="0"/>
      <line num="496" type="stmt" count="0"/>
      <line num="498" type="stmt" count="0"/>
      <line num="499" type="stmt" count="0"/>
      <line num="500" type="stmt" count="0"/>
      <line num="503" type="stmt" count="0"/>
      <line num="504" type="stmt" count="0"/>
      <line num="505" type="stmt" count="0"/>
      <line num="506" type="stmt" count="0"/>
      <line num="508" type="stmt" count="0"/>
      <line num="512" type="stmt" count="0"/>
      <line num="513" type="stmt" count="0"/>
      <line num="514" type="stmt" count="0"/>
      <line num="516" type="stmt" count="0"/>
      <line num="527" type="method" name="processDeleteAll" visibility="public" complexity="5" crap="11.30" count="4"/>
      <line num="529" type="stmt" count="4"/>
      <line num="530" type="stmt" count="0"/>
      <line num="531" type="stmt" count="0"/>
      <line num="532" type="stmt" count="0"/>
      <line num="533" type="stmt" count="0"/>
      <line num="535" type="stmt" count="0"/>
      <line num="536" type="stmt" count="0"/>
      <line num="537" type="stmt" count="0"/>
      <line num="539" type="stmt" count="0"/>
      <line num="540" type="stmt" count="0"/>
      <line num="541" type="stmt" count="0"/>
      <line num="544" type="stmt" count="4"/>
      <line num="545" type="stmt" count="4"/>
      <line num="547" type="stmt" count="4"/>
      <line num="548" type="stmt" count="4"/>
      <line num="549" type="stmt" count="4"/>
      <line num="550" type="stmt" count="0"/>
      <line num="551" type="stmt" count="0"/>
      <line num="554" type="stmt" count="4"/>
      <line num="566" type="method" name="processGetIndices" visibility="public" complexity="2" crap="2.03" count="128"/>
      <line num="568" type="stmt" count="128"/>
      <line num="569" type="stmt" count="128"/>
      <line num="570" type="stmt" count="0"/>
      <line num="572" type="stmt" count="128"/>
      <line num="574" type="stmt" count="128"/>
      <line num="577" type="method" name="processIndexExists" visibility="public" complexity="2" crap="2.26" count="128"/>
      <line num="579" type="stmt" count="128"/>
      <line num="581" type="stmt" count="128"/>
      <line num="582" type="stmt" count="0"/>
      <line num="583" type="stmt" count="0"/>
      <line num="586" type="stmt" count="128"/>
      <line num="592" type="method" name="processIndexSettings" visibility="public" complexity="2" crap="2.06" count="1"/>
      <line num="594" type="stmt" count="1"/>
      <line num="595" type="stmt" count="1"/>
      <line num="597" type="stmt" count="1"/>
      <line num="598" type="stmt" count="1"/>
      <line num="599" type="stmt" count="1"/>
      <line num="600" type="stmt" count="0"/>
      <line num="601" type="stmt" count="0"/>
      <line num="604" type="stmt" count="1"/>
      <line num="610" type="method" name="processIndexCreate" visibility="public" complexity="2" crap="2.09" count="128"/>
      <line num="612" type="stmt" count="128"/>
      <line num="613" type="stmt" count="128"/>
      <line num="615" type="stmt" count="128"/>
      <line num="616" type="stmt" count="128"/>
      <line num="617" type="stmt" count="0"/>
      <line num="618" type="stmt" count="0"/>
      <line num="621" type="stmt" count="128"/>
      <line num="627" type="method" name="processIndexDelete" visibility="public" complexity="2" crap="2.26" count="127"/>
      <line num="629" type="stmt" count="127"/>
      <line num="631" type="stmt" count="127"/>
      <line num="632" type="stmt" count="0"/>
      <line num="633" type="stmt" count="0"/>
      <line num="636" type="stmt" count="127"/>
      <line num="642" type="method" name="processIndexModify" visibility="public" complexity="2" crap="2.03" count="1"/>
      <line num="645" type="stmt" count="1"/>
      <line num="646" type="stmt" count="1"/>
      <line num="647" type="stmt" count="1"/>
      <line num="648" type="stmt" count="1"/>
      <line num="649" type="stmt" count="1"/>
      <line num="652" type="stmt" count="1"/>
      <line num="653" type="stmt" count="1"/>
      <line num="654" type="stmt" count="0"/>
      <line num="655" type="stmt" count="0"/>
      <line num="658" type="stmt" count="1"/>
      <line num="664" type="method" name="processReIndex" visibility="public" complexity="3" crap="12" count="0"/>
      <line num="666" type="stmt" count="0"/>
      <line num="667" type="stmt" count="0"/>
      <line num="668" type="stmt" count="0"/>
      <line num="669" type="stmt" count="0"/>
      <line num="671" type="stmt" count="0"/>
      <line num="672" type="stmt" count="0"/>
      <line num="673" type="stmt" count="0"/>
      <line num="674" type="stmt" count="0"/>
      <line num="676" type="stmt" count="0"/>
      <line num="677" type="stmt" count="0"/>
      <line num="678" type="stmt" count="0"/>
      <line num="679" type="stmt" count="0"/>
      <line num="680" type="stmt" count="0"/>
      <line num="681" type="stmt" count="0"/>
      <line num="682" type="stmt" count="0"/>
      <line num="683" type="stmt" count="0"/>
      <line num="684" type="stmt" count="0"/>
      <line num="685" type="stmt" count="0"/>
      <line num="686" type="stmt" count="0"/>
      <line num="687" type="stmt" count="0"/>
      <line num="688" type="stmt" count="0"/>
      <line num="689" type="stmt" count="0"/>
      <line num="690" type="stmt" count="0"/>
      <line num="693" type="stmt" count="0"/>
      <line num="699" type="method" name="processIndexAnalyzerSettings" visibility="public" complexity="2" crap="2.06" count="1"/>
      <line num="701" type="stmt" count="1"/>
      <line num="703" type="stmt" count="1"/>
      <line num="704" type="stmt" count="1"/>
      <line num="705" type="stmt" count="1"/>
      <line num="706" type="stmt" count="1"/>
      <line num="707" type="stmt" count="0"/>
      <line num="708" type="stmt" count="0"/>
      <line num="711" type="stmt" count="1"/>
      <line num="721" type="method" name="processMultipleAggregate" visibility="public" complexity="2" crap="6" count="0"/>
      <line num="723" type="stmt" count="0"/>
      <line num="724" type="stmt" count="0"/>
      <line num="726" type="stmt" count="0"/>
      <line num="727" type="stmt" count="0"/>
      <line num="728" type="stmt" count="0"/>
      <line num="729" type="stmt" count="0"/>
      <line num="732" type="stmt" count="0"/>
      <line num="738" type="method" name="processAggregate" visibility="public" complexity="1" crap="1" count="12"/>
      <line num="740" type="stmt" count="12"/>
      <line num="747" type="method" name="_countAggregate" visibility="public" complexity="2" crap="2.15" count="12"/>
      <line num="749" type="stmt" count="12"/>
      <line num="750" type="stmt" count="12"/>
      <line num="752" type="stmt" count="12"/>
      <line num="753" type="stmt" count="0"/>
      <line num="754" type="stmt" count="0"/>
      <line num="757" type="stmt" count="12"/>
      <line num="764" type="method" name="_maxAggregate" visibility="private" complexity="4" crap="20" count="0"/>
      <line num="766" type="stmt" count="0"/>
      <line num="767" type="stmt" count="0"/>
      <line num="768" type="stmt" count="0"/>
      <line num="770" type="stmt" count="0"/>
      <line num="772" type="stmt" count="0"/>
      <line num="773" type="stmt" count="0"/>
      <line num="775" type="stmt" count="0"/>
      <line num="776" type="stmt" count="0"/>
      <line num="777" type="stmt" count="0"/>
      <line num="780" type="stmt" count="0"/>
      <line num="787" type="method" name="_minAggregate" visibility="private" complexity="4" crap="20" count="0"/>
      <line num="789" type="stmt" count="0"/>
      <line num="790" type="stmt" count="0"/>
      <line num="791" type="stmt" count="0"/>
      <line num="793" type="stmt" count="0"/>
      <line num="795" type="stmt" count="0"/>
      <line num="796" type="stmt" count="0"/>
      <line num="798" type="stmt" count="0"/>
      <line num="799" type="stmt" count="0"/>
      <line num="800" type="stmt" count="0"/>
      <line num="803" type="stmt" count="0"/>
      <line num="810" type="method" name="_sumAggregate" visibility="private" complexity="4" crap="20" count="0"/>
      <line num="812" type="stmt" count="0"/>
      <line num="813" type="stmt" count="0"/>
      <line num="814" type="stmt" count="0"/>
      <line num="816" type="stmt" count="0"/>
      <line num="818" type="stmt" count="0"/>
      <line num="819" type="stmt" count="0"/>
      <line num="821" type="stmt" count="0"/>
      <line num="822" type="stmt" count="0"/>
      <line num="823" type="stmt" count="0"/>
      <line num="826" type="stmt" count="0"/>
      <line num="833" type="method" name="_avgAggregate" visibility="private" complexity="4" crap="20" count="0"/>
      <line num="835" type="stmt" count="0"/>
      <line num="836" type="stmt" count="0"/>
      <line num="837" type="stmt" count="0"/>
      <line num="839" type="stmt" count="0"/>
      <line num="841" type="stmt" count="0"/>
      <line num="842" type="stmt" count="0"/>
      <line num="844" type="stmt" count="0"/>
      <line num="845" type="stmt" count="0"/>
      <line num="846" type="stmt" count="0"/>
      <line num="849" type="stmt" count="0"/>
      <line num="856" type="method" name="_matrixAggregate" visibility="private" complexity="2" crap="6" count="0"/>
      <line num="858" type="stmt" count="0"/>
      <line num="859" type="stmt" count="0"/>
      <line num="861" type="stmt" count="0"/>
      <line num="862" type="stmt" count="0"/>
      <line num="863" type="stmt" count="0"/>
      <line num="864" type="stmt" count="0"/>
      <line num="867" type="stmt" count="0"/>
      <line num="870" type="method" name="_sanitizeAggsResponse" visibility="private" complexity="2" crap="6" count="0"/>
      <line num="872" type="stmt" count="0"/>
      <line num="873" type="stmt" count="0"/>
      <line num="874" type="stmt" count="0"/>
      <line num="875" type="stmt" count="0"/>
      <line num="877" type="stmt" count="0"/>
      <line num="878" type="stmt" count="0"/>
      <line num="879" type="stmt" count="0"/>
      <line num="881" type="stmt" count="0"/>
      <line num="888" type="method" name="processDistinctAggregate" visibility="public" complexity="1" crap="2" count="0"/>
      <line num="890" type="stmt" count="0"/>
      <line num="897" type="method" name="_countDistinctAggregate" visibility="private" complexity="2" crap="6" count="0"/>
      <line num="899" type="stmt" count="0"/>
      <line num="900" type="stmt" count="0"/>
      <line num="901" type="stmt" count="0"/>
      <line num="903" type="stmt" count="0"/>
      <line num="904" type="stmt" count="0"/>
      <line num="905" type="stmt" count="0"/>
      <line num="906" type="stmt" count="0"/>
      <line num="907" type="stmt" count="0"/>
      <line num="910" type="stmt" count="0"/>
      <line num="917" type="method" name="_maxDistinctAggregate" visibility="private" complexity="6" crap="42" count="0"/>
      <line num="919" type="stmt" count="0"/>
      <line num="920" type="stmt" count="0"/>
      <line num="921" type="stmt" count="0"/>
      <line num="923" type="stmt" count="0"/>
      <line num="925" type="stmt" count="0"/>
      <line num="926" type="stmt" count="0"/>
      <line num="927" type="stmt" count="0"/>
      <line num="928" type="stmt" count="0"/>
      <line num="932" type="stmt" count="0"/>
      <line num="933" type="stmt" count="0"/>
      <line num="934" type="stmt" count="0"/>
      <line num="937" type="stmt" count="0"/>
      <line num="944" type="method" name="_minDistinctAggregate" visibility="private" complexity="7" crap="56" count="0"/>
      <line num="946" type="stmt" count="0"/>
      <line num="947" type="stmt" count="0"/>
      <line num="948" type="stmt" count="0"/>
      <line num="950" type="stmt" count="0"/>
      <line num="951" type="stmt" count="0"/>
      <line num="952" type="stmt" count="0"/>
      <line num="953" type="stmt" count="0"/>
      <line num="954" type="stmt" count="0"/>
      <line num="955" type="stmt" count="0"/>
      <line num="956" type="stmt" count="0"/>
      <line num="957" type="stmt" count="0"/>
      <line num="959" type="stmt" count="0"/>
      <line num="964" type="stmt" count="0"/>
      <line num="965" type="stmt" count="0"/>
      <line num="966" type="stmt" count="0"/>
      <line num="969" type="stmt" count="0"/>
      <line num="976" type="method" name="_sumDistinctAggregate" visibility="private" complexity="6" crap="42" count="0"/>
      <line num="978" type="stmt" count="0"/>
      <line num="979" type="stmt" count="0"/>
      <line num="980" type="stmt" count="0"/>
      <line num="982" type="stmt" count="0"/>
      <line num="983" type="stmt" count="0"/>
      <line num="984" type="stmt" count="0"/>
      <line num="985" type="stmt" count="0"/>
      <line num="986" type="stmt" count="0"/>
      <line num="990" type="stmt" count="0"/>
      <line num="991" type="stmt" count="0"/>
      <line num="992" type="stmt" count="0"/>
      <line num="995" type="stmt" count="0"/>
      <line num="1002" type="method" name="_avgDistinctAggregate" visibility="private" complexity="7" crap="56" count="0"/>
      <line num="1004" type="stmt" count="0"/>
      <line num="1005" type="stmt" count="0"/>
      <line num="1006" type="stmt" count="0"/>
      <line num="1007" type="stmt" count="0"/>
      <line num="1008" type="stmt" count="0"/>
      <line num="1010" type="stmt" count="0"/>
      <line num="1012" type="stmt" count="0"/>
      <line num="1013" type="stmt" count="0"/>
      <line num="1014" type="stmt" count="0"/>
      <line num="1015" type="stmt" count="0"/>
      <line num="1016" type="stmt" count="0"/>
      <line num="1020" type="stmt" count="0"/>
      <line num="1021" type="stmt" count="0"/>
      <line num="1023" type="stmt" count="0"/>
      <line num="1024" type="stmt" count="0"/>
      <line num="1025" type="stmt" count="0"/>
      <line num="1028" type="stmt" count="0"/>
      <line num="1034" type="method" name="_matrixDistinctAggregate" visibility="private" complexity="1" crap="2" count="0"/>
      <line num="1036" type="stmt" count="0"/>
      <line num="1046" type="method" name="parseRequiredKeywordMapping" visibility="public" complexity="5" crap="5" count="12"/>
      <line num="1048" type="stmt" count="12"/>
      <line num="1049" type="stmt" count="12"/>
      <line num="1050" type="stmt" count="12"/>
      <line num="1051" type="stmt" count="9"/>
      <line num="1052" type="stmt" count="9"/>
      <line num="1054" type="stmt" count="1"/>
      <line num="1056" type="stmt" count="8"/>
      <line num="1057" type="stmt" count="7"/>
      <line num="1061" type="stmt" count="4"/>
      <line num="1067" type="method" name="processIndexMappings" visibility="public" complexity="2" crap="2.06" count="28"/>
      <line num="1069" type="stmt" count="28"/>
      <line num="1070" type="stmt" count="28"/>
      <line num="1072" type="stmt" count="28"/>
      <line num="1073" type="stmt" count="28"/>
      <line num="1074" type="stmt" count="28"/>
      <line num="1075" type="stmt" count="0"/>
      <line num="1076" type="stmt" count="0"/>
      <line num="1079" type="stmt" count="28"/>
      <line num="1086" type="method" name="_return" visibility="private" complexity="3" crap="3" count="119"/>
      <line num="1088" type="stmt" count="119"/>
      <line num="1089" type="stmt" count="96"/>
      <line num="1090" type="stmt" count="96"/>
      <line num="1091" type="stmt" count="96"/>
      <line num="1093" type="stmt" count="96"/>
      <line num="1095" type="stmt" count="106"/>
      <line num="1098" type="stmt" count="119"/>
      <line num="1101" type="method" name="_queryTag" visibility="private" complexity="1" crap="1" count="119"/>
      <line num="1103" type="stmt" count="119"/>
      <line num="1106" type="method" name="_sanitizePitSearchResponse" visibility="private" complexity="6" crap="6" count="3"/>
      <line num="1109" type="stmt" count="3"/>
      <line num="1110" type="stmt" count="3"/>
      <line num="1111" type="stmt" count="3"/>
      <line num="1112" type="stmt" count="3"/>
      <line num="1113" type="stmt" count="3"/>
      <line num="1114" type="stmt" count="3"/>
      <line num="1115" type="stmt" count="3"/>
      <line num="1116" type="stmt" count="3"/>
      <line num="1117" type="stmt" count="3"/>
      <line num="1118" type="stmt" count="3"/>
      <line num="1119" type="stmt" count="3"/>
      <line num="1120" type="stmt" count="3"/>
      <line num="1121" type="stmt" count="3"/>
      <line num="1124" type="stmt" count="3"/>
      <line num="1125" type="stmt" count="3"/>
      <line num="1127" type="stmt" count="3"/>
      <line num="1131" type="stmt" count="3"/>
      <line num="1134" type="method" name="_sanitizeSearchResponse" visibility="private" complexity="10" crap="10" count="89"/>
      <line num="1136" type="stmt" count="89"/>
      <line num="1137" type="stmt" count="89"/>
      <line num="1138" type="stmt" count="89"/>
      <line num="1139" type="stmt" count="89"/>
      <line num="1140" type="stmt" count="89"/>
      <line num="1141" type="stmt" count="89"/>
      <line num="1142" type="stmt" count="89"/>
      <line num="1143" type="stmt" count="80"/>
      <line num="1144" type="stmt" count="80"/>
      <line num="1145" type="stmt" count="80"/>
      <line num="1146" type="stmt" count="80"/>
      <line num="1147" type="stmt" count="80"/>
      <line num="1149" type="stmt" count="80"/>
      <line num="1150" type="stmt" count="80"/>
      <line num="1153" type="stmt" count="80"/>
      <line num="1154" type="stmt" count="2"/>
      <line num="1155" type="stmt" count="2"/>
      <line num="1160" type="stmt" count="80"/>
      <line num="1161" type="stmt" count="1"/>
      <line num="1164" type="stmt" count="80"/>
      <line num="1165" type="stmt" count="80"/>
      <line num="1166" type="stmt" count="80"/>
      <line num="1167" type="stmt" count="64"/>
      <line num="1169" type="stmt" count="80"/>
      <line num="1171" type="stmt" count="80"/>
      <line num="1172" type="stmt" count="7"/>
      <line num="1174" type="stmt" count="80"/>
      <line num="1175" type="stmt" count="80"/>
      <line num="1179" type="stmt" count="89"/>
      <line num="1182" type="method" name="_sanitizeDistinctResponse" visibility="private" complexity="2" crap="2" count="5"/>
      <line num="1184" type="stmt" count="5"/>
      <line num="1185" type="stmt" count="5"/>
      <line num="1186" type="stmt" count="5"/>
      <line num="1189" type="stmt" count="5"/>
      <line num="1192" type="method" name="_processBuckets" visibility="private" complexity="7" crap="7.08" count="5"/>
      <line num="1194" type="stmt" count="5"/>
      <line num="1195" type="stmt" count="5"/>
      <line num="1196" type="stmt" count="5"/>
      <line num="1198" type="stmt" count="5"/>
      <line num="1200" type="stmt" count="5"/>
      <line num="1201" type="stmt" count="5"/>
      <line num="1202" type="stmt" count="0"/>
      <line num="1205" type="stmt" count="5"/>
      <line num="1207" type="stmt" count="5"/>
      <line num="1208" type="stmt" count="1"/>
      <line num="1211" type="stmt" count="5"/>
      <line num="1212" type="stmt" count="1"/>
      <line num="1214" type="stmt" count="1"/>
      <line num="1215" type="stmt" count="1"/>
      <line num="1217" type="stmt" count="0"/>
      <line num="1220" type="stmt" count="5"/>
      <line num="1225" type="stmt" count="5"/>
      <line num="1228" type="method" name="_sanitizeRawAggsResponse" visibility="private" complexity="3" crap="3" count="1"/>
      <line num="1230" type="stmt" count="1"/>
      <line num="1231" type="stmt" count="1"/>
      <line num="1232" type="stmt" count="1"/>
      <line num="1233" type="stmt" count="1"/>
      <line num="1234" type="stmt" count="1"/>
      <line num="1235" type="stmt" count="1"/>
      <line num="1236" type="stmt" count="1"/>
      <line num="1237" type="stmt" count="1"/>
      <line num="1241" type="stmt" count="1"/>
      <line num="1244" type="method" name="_sanitizeHighlights" visibility="private" complexity="4" crap="6.99" count="1"/>
      <line num="1247" type="stmt" count="1"/>
      <line num="1248" type="stmt" count="1"/>
      <line num="1249" type="stmt" count="0"/>
      <line num="1250" type="stmt" count="0"/>
      <line num="1251" type="stmt" count="0"/>
      <line num="1253" type="stmt" count="0"/>
      <line num="1258" type="stmt" count="1"/>
      <line num="1261" type="method" name="_filterInnerHits" visibility="private" complexity="4" crap="4" count="2"/>
      <line num="1263" type="stmt" count="2"/>
      <line num="1264" type="stmt" count="2"/>
      <line num="1265" type="stmt" count="2"/>
      <line num="1266" type="stmt" count="2"/>
      <line num="1267" type="stmt" count="2"/>
      <line num="1268" type="stmt" count="2"/>
      <line num="1271" type="stmt" count="2"/>
      <line num="1274" type="stmt" count="2"/>
      <line num="1277" type="method" name="_formatAggs" visibility="private" complexity="4" crap="4" count="1"/>
      <line num="1279" type="stmt" count="1"/>
      <line num="1280" type="stmt" count="1"/>
      <line num="1282" type="stmt" count="1"/>
      <line num="1283" type="stmt" count="1"/>
      <line num="1284" type="stmt" count="1"/>
      <line num="1285" type="stmt" count="1"/>
      <line num="1286" type="stmt" count="1"/>
      <line num="1288" type="stmt" count="1"/>
      <line num="1292" type="stmt" count="1"/>
      <line num="1302" type="method" name="_throwError" visibility="private" complexity="2" crap="6" count="0"/>
      <line num="1304" type="stmt" count="0"/>
      <line num="1305" type="stmt" count="0"/>
      <line num="1306" type="stmt" count="0"/>
      <line num="1307" type="stmt" count="0"/>
      <line num="1308" type="stmt" count="0"/>
      <line num="1309" type="stmt" count="0"/>
      <line num="1310" type="stmt" count="0"/>
      <line num="1312" type="stmt" count="0"/>
      <line num="1313" type="stmt" count="0"/>
      <line num="1314" type="stmt" count="0"/>
      <line num="1315" type="stmt" count="0"/>
      <line num="1316" type="stmt" count="0"/>
      <line num="1317" type="stmt" count="0"/>
      <line num="1318" type="stmt" count="0"/>
      <line num="1319" type="stmt" count="0"/>
      <line num="1320" type="stmt" count="0"/>
      <line num="1321" type="stmt" count="0"/>
      <line num="1322" type="stmt" count="0"/>
      <line num="1323" type="stmt" count="0"/>
      <line num="1326" type="stmt" count="0"/>
      <line num="1329" type="method" name="_logQuery" visibility="private" complexity="3" crap="12" count="0"/>
      <line num="1331" type="stmt" count="0"/>
      <line num="1332" type="stmt" count="0"/>
      <line num="1333" type="stmt" count="0"/>
      <line num="1335" type="stmt" count="0"/>
      <line num="1336" type="stmt" count="0"/>
      <line num="1337" type="stmt" count="0"/>
      <line num="1338" type="stmt" count="0"/>
      <line num="1340" type="stmt" count="0"/>
      <line num="1341" type="stmt" count="0"/>
      <line num="1350" type="method" name="_stashMeta" visibility="private" complexity="1" crap="1" count="2"/>
      <line num="1352" type="stmt" count="2"/>
      <line num="1355" type="method" name="_attachStashedMeta" visibility="private" complexity="2" crap="2" count="80"/>
      <line num="1357" type="stmt" count="80"/>
      <line num="1358" type="stmt" count="2"/>
      <line num="1361" type="stmt" count="80"/>
      <metrics loc="1374" ncloc="1155" classes="1" methods="59" coveredmethods="16" conditionals="0" coveredconditionals="0" statements="610" coveredstatements="331" elements="669" coveredelements="347"/>
    </file>
    <file name="/home/runner/work/laravel-elasticsearch/laravel-elasticsearch/src/DSL/IndexInterpreter.php">
      <class name="PDPhilip\Elasticsearch\DSL\IndexInterpreter" namespace="global">
        <metrics complexity="24" methods="4" coveredmethods="1" conditionals="0" coveredconditionals="0" statements="49" coveredstatements="34" elements="53" coveredelements="35"/>
      </class>
      <line num="12" type="method" name="buildIndexMap" visibility="public" complexity="11" crap="11.09" count="128"/>
      <line num="14" type="stmt" count="128"/>
      <line num="15" type="stmt" count="128"/>
      <line num="16" type="stmt" count="128"/>
      <line num="18" type="stmt" count="128"/>
      <line num="19" type="stmt" count="1"/>
      <line num="21" type="stmt" count="128"/>
      <line num="22" type="stmt" count="0"/>
      <line num="23" type="stmt" count="0"/>
      <line num="26" type="stmt" count="128"/>
      <line num="27" type="stmt" count="128"/>
      <line num="28" type="stmt" count="128"/>
      <line num="29" type="stmt" count="128"/>
      <line num="30" type="stmt" count="128"/>
      <line num="31" type="stmt" count="128"/>
      <line num="32" type="stmt" count="128"/>
      <line num="33" type="stmt" count="128"/>
      <line num="34" type="stmt" count="128"/>
      <line num="37" type="stmt" count="128"/>
      <line num="38" type="stmt" count="128"/>
      <line num="42" type="stmt" count="128"/>
      <line num="43" type="stmt" count="128"/>
      <line num="47" type="stmt" count="128"/>
      <line num="50" type="method" name="buildAnalyzerSettings" visibility="public" complexity="5" crap="5" count="1"/>
      <line num="52" type="stmt" count="1"/>
      <line num="53" type="stmt" count="1"/>
      <line num="54" type="stmt" count="1"/>
      <line num="55" type="stmt" count="1"/>
      <line num="56" type="stmt" count="1"/>
      <line num="57" type="stmt" count="1"/>
      <line num="58" type="stmt" count="1"/>
      <line num="59" type="stmt" count="1"/>
      <line num="60" type="stmt" count="1"/>
      <line num="61" type="stmt" count="1"/>
      <line num="62" type="stmt" count="1"/>
      <line num="63" type="stmt" count="1"/>
      <line num="69" type="stmt" count="1"/>
      <line num="71" type="stmt" count="1"/>
      <line num="74" type="method" name="catIndices" visibility="public" complexity="5" crap="30" count="0"/>
      <line num="76" type="stmt" count="0"/>
      <line num="77" type="stmt" count="0"/>
      <line num="78" type="stmt" count="0"/>
      <line num="79" type="stmt" count="0"/>
      <line num="80" type="stmt" count="0"/>
      <line num="81" type="stmt" count="0"/>
      <line num="86" type="stmt" count="0"/>
      <line num="89" type="method" name="cleanData" visibility="public" complexity="3" crap="12" count="0"/>
      <line num="91" type="stmt" count="0"/>
      <line num="92" type="stmt" count="0"/>
      <line num="93" type="stmt" count="0"/>
      <line num="94" type="stmt" count="0"/>
      <line num="96" type="stmt" count="0"/>
      <line num="99" type="stmt" count="0"/>
      <metrics loc="102" ncloc="102" classes="1" methods="4" coveredmethods="1" conditionals="0" coveredconditionals="0" statements="49" coveredstatements="34" elements="53" coveredelements="35"/>
    </file>
    <file name="/home/runner/work/laravel-elasticsearch/laravel-elasticsearch/src/DSL/ParameterBuilder.php">
      <class name="PDPhilip\Elasticsearch\DSL\ParameterBuilder" namespace="global">
        <metrics complexity="27" methods="11" coveredmethods="2" conditionals="0" coveredconditionals="0" statements="96" coveredstatements="19" elements="107" coveredelements="21"/>
      </class>
      <line num="9" type="method" name="matchAll" visibility="public" complexity="1" crap="1" count="9"/>
      <line num="11" type="stmt" count="9"/>
      <line num="12" type="stmt" count="9"/>
      <line num="13" type="stmt" count="9"/>
      <line num="14" type="stmt" count="9"/>
      <line num="15" type="stmt" count="9"/>
      <line num="29" type="method" name="query" visibility="public" complexity="1" crap="1" count="96"/>
      <line num="31" type="stmt" count="96"/>
      <line num="32" type="stmt" count="96"/>
      <line num="33" type="stmt" count="96"/>
      <line num="36" type="method" name="fieldSort" visibility="public" complexity="7" crap="7.93" count="8"/>
      <line num="38" type="stmt" count="8"/>
      <line num="39" type="stmt" count="0"/>
      <line num="41" type="stmt" count="8"/>
      <line num="42" type="stmt" count="0"/>
      <line num="44" type="stmt" count="8"/>
      <line num="45" type="stmt" count="0"/>
      <line num="47" type="stmt" count="8"/>
      <line num="48" type="stmt" count="8"/>
      <line num="49" type="stmt" count="8"/>
      <line num="50" type="stmt" count="0"/>
      <line num="52" type="stmt" count="8"/>
      <line num="53" type="stmt" count="1"/>
      <line num="56" type="stmt" count="8"/>
      <line num="57" type="stmt" count="8"/>
      <line num="58" type="stmt" count="8"/>
      <line num="61" type="method" name="fieldSortGeo" visibility="public" complexity="3" crap="12" count="0"/>
      <line num="63" type="stmt" count="0"/>
      <line num="64" type="stmt" count="0"/>
      <line num="65" type="stmt" count="0"/>
      <line num="66" type="stmt" count="0"/>
      <line num="68" type="stmt" count="0"/>
      <line num="69" type="stmt" count="0"/>
      <line num="71" type="stmt" count="0"/>
      <line num="72" type="stmt" count="0"/>
      <line num="75" type="stmt" count="0"/>
      <line num="76" type="stmt" count="0"/>
      <line num="77" type="stmt" count="0"/>
      <line num="80" type="method" name="filterNested" visibility="public" complexity="2" crap="6" count="0"/>
      <line num="82" type="stmt" count="0"/>
      <line num="83" type="stmt" count="0"/>
      <line num="84" type="stmt" count="0"/>
      <line num="85" type="stmt" count="0"/>
      <line num="86" type="stmt" count="0"/>
      <line num="87" type="stmt" count="0"/>
      <line num="89" type="stmt" count="0"/>
      <line num="90" type="stmt" count="0"/>
      <line num="91" type="stmt" count="0"/>
      <line num="93" type="stmt" count="0"/>
      <line num="94" type="stmt" count="0"/>
      <line num="95" type="stmt" count="0"/>
      <line num="98" type="method" name="multipleAggregations" visibility="public" complexity="8" crap="72" count="0"/>
      <line num="100" type="stmt" count="0"/>
      <line num="101" type="stmt" count="0"/>
      <line num="103" type="stmt" count="0"/>
      <line num="104" type="stmt" count="0"/>
      <line num="105" type="stmt" count="0"/>
      <line num="106" type="stmt" count="0"/>
      <line num="107" type="stmt" count="0"/>
      <line num="108" type="stmt" count="0"/>
      <line num="109" type="stmt" count="0"/>
      <line num="110" type="stmt" count="0"/>
      <line num="111" type="stmt" count="0"/>
      <line num="112" type="stmt" count="0"/>
      <line num="113" type="stmt" count="0"/>
      <line num="114" type="stmt" count="0"/>
      <line num="115" type="stmt" count="0"/>
      <line num="116" type="stmt" count="0"/>
      <line num="117" type="stmt" count="0"/>
      <line num="118" type="stmt" count="0"/>
      <line num="119" type="stmt" count="0"/>
      <line num="120" type="stmt" count="0"/>
      <line num="121" type="stmt" count="0"/>
      <line num="122" type="stmt" count="0"/>
      <line num="123" type="stmt" count="0"/>
      <line num="124" type="stmt" count="0"/>
      <line num="128" type="stmt" count="0"/>
      <line num="132" type="method" name="maxAggregation" visibility="public" complexity="1" crap="2" count="0"/>
      <line num="134" type="stmt" count="0"/>
      <line num="135" type="stmt" count="0"/>
      <line num="136" type="stmt" count="0"/>
      <line num="137" type="stmt" count="0"/>
      <line num="138" type="stmt" count="0"/>
      <line num="141" type="method" name="minAggregation" visibility="public" complexity="1" crap="2" count="0"/>
      <line num="143" type="stmt" count="0"/>
      <line num="144" type="stmt" count="0"/>
      <line num="145" type="stmt" count="0"/>
      <line num="146" type="stmt" count="0"/>
      <line num="147" type="stmt" count="0"/>
      <line num="150" type="method" name="avgAggregation" visibility="public" complexity="1" crap="2" count="0"/>
      <line num="152" type="stmt" count="0"/>
      <line num="153" type="stmt" count="0"/>
      <line num="154" type="stmt" count="0"/>
      <line num="155" type="stmt" count="0"/>
      <line num="156" type="stmt" count="0"/>
      <line num="159" type="method" name="sumAggregation" visibility="public" complexity="1" crap="2" count="0"/>
      <line num="161" type="stmt" count="0"/>
      <line num="162" type="stmt" count="0"/>
      <line num="163" type="stmt" count="0"/>
      <line num="164" type="stmt" count="0"/>
      <line num="165" type="stmt" count="0"/>
      <line num="168" type="method" name="matrixAggregation" visibility="public" complexity="1" crap="2" count="0"/>
      <line num="170" type="stmt" count="0"/>
      <line num="171" type="stmt" count="0"/>
      <line num="172" type="stmt" count="0"/>
      <line num="173" type="stmt" count="0"/>
      <line num="174" type="stmt" count="0"/>
      <metrics loc="177" ncloc="167" classes="1" methods="11" coveredmethods="2" conditionals="0" coveredconditionals="0" statements="96" coveredstatements="19" elements="107" coveredelements="21"/>
    </file>
    <file name="/home/runner/work/laravel-elasticsearch/laravel-elasticsearch/src/DSL/QueryBuilder.php">
      <class name="PDPhilip\Elasticsearch\DSL\QueryBuilder" namespace="global">
        <metrics complexity="111" methods="12" coveredmethods="6" conditionals="0" coveredconditionals="0" statements="326" coveredstatements="284" elements="338" coveredelements="290"/>
      </class>
      <line num="31" type="method" name="buildSearchParams" visibility="public" complexity="16" crap="16.63" count="10"/>
      <line num="33" type="stmt" count="10"/>
      <line num="34" type="stmt" count="10"/>
      <line num="35" type="stmt" count="10"/>
      <line num="36" type="stmt" count="10"/>
      <line num="37" type="stmt" count="10"/>
      <line num="39" type="stmt" count="10"/>
      <line num="40" type="stmt" count="10"/>
      <line num="41" type="stmt" count="10"/>
      <line num="42" type="stmt" count="1"/>
      <line num="43" type="stmt" count="1"/>
      <line num="44" type="stmt" count="1"/>
      <line num="45" type="stmt" count="0"/>
      <line num="47" type="stmt" count="1"/>
      <line num="49" type="stmt" count="1"/>
      <line num="50" type="stmt" count="1"/>
      <line num="54" type="stmt" count="10"/>
      <line num="55" type="stmt" count="1"/>
      <line num="56" type="stmt" count="1"/>
      <line num="59" type="stmt" count="10"/>
      <line num="60" type="stmt" count="1"/>
      <line num="61" type="stmt" count="1"/>
      <line num="64" type="stmt" count="10"/>
      <line num="65" type="stmt" count="10"/>
      <line num="67" type="stmt" count="10"/>
      <line num="69" type="stmt" count="10"/>
      <line num="70" type="stmt" count="0"/>
      <line num="72" type="stmt" count="10"/>
      <line num="73" type="stmt" count="3"/>
      <line num="74" type="stmt" count="3"/>
      <line num="75" type="stmt" count="1"/>
      <line num="76" type="stmt" count="1"/>
      <line num="77" type="stmt" count="1"/>
      <line num="79" type="stmt" count="0"/>
      <line num="84" type="stmt" count="10"/>
      <line num="85" type="stmt" count="0"/>
      <line num="86" type="stmt" count="0"/>
      <line num="89" type="stmt" count="10"/>
      <line num="96" type="method" name="buildParams" visibility="public" complexity="9" crap="9" count="89"/>
      <line num="98" type="stmt" count="89"/>
      <line num="99" type="stmt" count="89"/>
      <line num="100" type="stmt" count="89"/>
      <line num="101" type="stmt" count="89"/>
      <line num="102" type="stmt" count="89"/>
      <line num="105" type="stmt" count="89"/>
      <line num="106" type="stmt" count="0"/>
      <line num="109" type="stmt" count="89"/>
      <line num="110" type="stmt" count="89"/>
      <line num="111" type="stmt" count="1"/>
      <line num="113" type="stmt" count="89"/>
      <line num="114" type="stmt" count="89"/>
      <line num="115" type="stmt" count="43"/>
      <line num="116" type="stmt" count="43"/>
      <line num="117" type="stmt" count="7"/>
      <line num="119" type="stmt" count="39"/>
      <line num="123" type="stmt" count="89"/>
      <line num="124" type="stmt" count="2"/>
      <line num="125" type="stmt" count="2"/>
      <line num="128" type="stmt" count="89"/>
      <line num="131" type="method" name="createNestedAggs" visibility="public" complexity="6" crap="7.54" count="5"/>
      <line num="133" type="stmt" count="5"/>
      <line num="134" type="stmt" count="5"/>
      <line num="135" type="stmt" count="5"/>
      <line num="136" type="stmt" count="5"/>
      <line num="137" type="stmt" count="5"/>
      <line num="138" type="stmt" count="5"/>
      <line num="139" type="stmt" count="5"/>
      <line num="140" type="stmt" count="5"/>
      <line num="141" type="stmt" count="0"/>
      <line num="142" type="stmt" count="0"/>
      <line num="143" type="stmt" count="0"/>
      <line num="145" type="stmt" count="0"/>
      <line num="148" type="stmt" count="5"/>
      <line num="149" type="stmt" count="0"/>
      <line num="150" type="stmt" count="0"/>
      <line num="152" type="stmt" count="0"/>
      <line num="155" type="stmt" count="5"/>
      <line num="156" type="stmt" count="5"/>
      <line num="157" type="stmt" count="1"/>
      <line num="160" type="stmt" count="5"/>
      <line num="163" type="method" name="addSearchToWheres" visibility="public" complexity="5" crap="11.64" count="10"/>
      <line num="165" type="stmt" count="10"/>
      <line num="166" type="stmt" count="10"/>
      <line num="167" type="stmt" count="0"/>
      <line num="169" type="stmt" count="10"/>
      <line num="170" type="stmt" count="0"/>
      <line num="172" type="stmt" count="0"/>
      <line num="174" type="stmt" count="10"/>
      <line num="175" type="stmt" count="0"/>
      <line num="176" type="stmt" count="0"/>
      <line num="177" type="stmt" count="0"/>
      <line num="178" type="stmt" count="0"/>
      <line num="180" type="stmt" count="0"/>
      <line num="182" type="stmt" count="0"/>
      <line num="185" type="stmt" count="10"/>
      <line num="196" type="method" name="_buildQuery" visibility="private" complexity="2" crap="2" count="99"/>
      <line num="198" type="stmt" count="99"/>
      <line num="199" type="stmt" count="7"/>
      <line num="202" type="stmt" count="96"/>
      <line num="204" type="stmt" count="96"/>
      <line num="207" type="method" name="_clearAndStashMeta" visibility="private" complexity="2" crap="2" count="99"/>
      <line num="209" type="stmt" count="99"/>
      <line num="210" type="stmt" count="2"/>
      <line num="211" type="stmt" count="2"/>
      <line num="214" type="stmt" count="99"/>
      <line num="221" type="method" name="_convertWheresToDSL" visibility="public" complexity="12" crap="12" count="96"/>
      <line num="223" type="stmt" count="96"/>
      <line num="224" type="stmt" count="96"/>
      <line num="226" type="stmt" count="96"/>
      <line num="227" type="stmt" count="68"/>
      <line num="228" type="stmt" count="68"/>
      <line num="229" type="stmt" count="68"/>
      <line num="230" type="stmt" count="68"/>
      <line num="231" type="stmt" count="68"/>
      <line num="234" type="stmt" count="68"/>
      <line num="235" type="stmt" count="47"/>
      <line num="236" type="stmt" count="2"/>
      <line num="237" type="stmt" count="2"/>
      <line num="238" type="stmt" count="2"/>
      <line num="239" type="stmt" count="2"/>
      <line num="240" type="stmt" count="2"/>
      <line num="241" type="stmt" count="2"/>
      <line num="242" type="stmt" count="2"/>
      <line num="243" type="stmt" count="2"/>
      <line num="247" type="stmt" count="2"/>
      <line num="248" type="stmt" count="2"/>
      <line num="251" type="stmt" count="2"/>
      <line num="253" type="stmt" count="45"/>
      <line num="257" type="stmt" count="68"/>
      <line num="264" type="method" name="_parseCondition" visibility="private" complexity="32" crap="33.73" count="96"/>
      <line num="266" type="stmt" count="96"/>
      <line num="267" type="stmt" count="96"/>
      <line num="268" type="stmt" count="3"/>
      <line num="269" type="stmt" count="3"/>
      <line num="273" type="stmt" count="96"/>
      <line num="275" type="stmt" count="96"/>
      <line num="277" type="stmt" count="50"/>
      <line num="279" type="stmt" count="93"/>
      <line num="280" type="stmt" count="93"/>
      <line num="281" type="stmt" count="93"/>
      <line num="284" type="stmt" count="93"/>
      <line num="285" type="stmt" count="0"/>
      <line num="286" type="stmt" count="0"/>
      <line num="287" type="stmt" count="93"/>
      <line num="288" type="stmt" count="2"/>
      <line num="289" type="stmt" count="2"/>
      <line num="290" type="stmt" count="93"/>
      <line num="291" type="stmt" count="1"/>
      <line num="292" type="stmt" count="1"/>
      <line num="293" type="stmt" count="93"/>
      <line num="294" type="stmt" count="2"/>
      <line num="295" type="stmt" count="2"/>
      <line num="296" type="stmt" count="93"/>
      <line num="297" type="stmt" count="10"/>
      <line num="298" type="stmt" count="10"/>
      <line num="299" type="stmt" count="93"/>
      <line num="300" type="stmt" count="1"/>
      <line num="301" type="stmt" count="1"/>
      <line num="302" type="stmt" count="1"/>
      <line num="303" type="stmt" count="1"/>
      <line num="304" type="stmt" count="1"/>
      <line num="305" type="stmt" count="1"/>
      <line num="306" type="stmt" count="93"/>
      <line num="307" type="stmt" count="0"/>
      <line num="308" type="stmt" count="0"/>
      <line num="309" type="stmt" count="0"/>
      <line num="310" type="stmt" count="0"/>
      <line num="311" type="stmt" count="0"/>
      <line num="312" type="stmt" count="0"/>
      <line num="313" type="stmt" count="93"/>
      <line num="314" type="stmt" count="1"/>
      <line num="315" type="stmt" count="1"/>
      <line num="316" type="stmt" count="93"/>
      <line num="317" type="stmt" count="5"/>
      <line num="318" type="stmt" count="5"/>
      <line num="319" type="stmt" count="89"/>
      <line num="320" type="stmt" count="85"/>
      <line num="321" type="stmt" count="85"/>
      <line num="322" type="stmt" count="22"/>
      <line num="323" type="stmt" count="1"/>
      <line num="324" type="stmt" count="1"/>
      <line num="325" type="stmt" count="21"/>
      <line num="326" type="stmt" count="4"/>
      <line num="327" type="stmt" count="4"/>
      <line num="328" type="stmt" count="4"/>
      <line num="330" type="stmt" count="0"/>
      <line num="333" type="stmt" count="4"/>
      <line num="334" type="stmt" count="17"/>
      <line num="335" type="stmt" count="1"/>
      <line num="336" type="stmt" count="1"/>
      <line num="337" type="stmt" count="0"/>
      <line num="339" type="stmt" count="1"/>
      <line num="342" type="stmt" count="1"/>
      <line num="343" type="stmt" count="16"/>
      <line num="344" type="stmt" count="1"/>
      <line num="345" type="stmt" count="1"/>
      <line num="346" type="stmt" count="15"/>
      <line num="347" type="stmt" count="0"/>
      <line num="348" type="stmt" count="0"/>
      <line num="349" type="stmt" count="15"/>
      <line num="350" type="stmt" count="1"/>
      <line num="351" type="stmt" count="1"/>
      <line num="352" type="stmt" count="14"/>
      <line num="353" type="stmt" count="1"/>
      <line num="354" type="stmt" count="1"/>
      <line num="355" type="stmt" count="13"/>
      <line num="356" type="stmt" count="7"/>
      <line num="357" type="stmt" count="7"/>
      <line num="358" type="stmt" count="0"/>
      <line num="360" type="stmt" count="7"/>
      <line num="361" type="stmt" count="7"/>
      <line num="362" type="stmt" count="7"/>
      <line num="363" type="stmt" count="3"/>
      <line num="364" type="stmt" count="3"/>
      <line num="365" type="stmt" count="3"/>
      <line num="366" type="stmt" count="4"/>
      <line num="367" type="stmt" count="1"/>
      <line num="368" type="stmt" count="1"/>
      <line num="369" type="stmt" count="1"/>
      <line num="370" type="stmt" count="1"/>
      <line num="371" type="stmt" count="1"/>
      <line num="372" type="stmt" count="1"/>
      <line num="373" type="stmt" count="1"/>
      <line num="374" type="stmt" count="1"/>
      <line num="375" type="stmt" count="3"/>
      <line num="376" type="stmt" count="1"/>
      <line num="377" type="stmt" count="1"/>
      <line num="378" type="stmt" count="1"/>
      <line num="379" type="stmt" count="1"/>
      <line num="380" type="stmt" count="1"/>
      <line num="381" type="stmt" count="1"/>
      <line num="382" type="stmt" count="1"/>
      <line num="383" type="stmt" count="1"/>
      <line num="384" type="stmt" count="1"/>
      <line num="385" type="stmt" count="1"/>
      <line num="386" type="stmt" count="1"/>
      <line num="387" type="stmt" count="1"/>
      <line num="389" type="stmt" count="1"/>
      <line num="390" type="stmt" count="1"/>
      <line num="391" type="stmt" count="2"/>
      <line num="392" type="stmt" count="2"/>
      <line num="393" type="stmt" count="2"/>
      <line num="394" type="stmt" count="0"/>
      <line num="396" type="stmt" count="2"/>
      <line num="397" type="stmt" count="2"/>
      <line num="398" type="stmt" count="2"/>
      <line num="400" type="stmt" count="2"/>
      <line num="401" type="stmt" count="2"/>
      <line num="402" type="stmt" count="2"/>
      <line num="403" type="stmt" count="2"/>
      <line num="404" type="stmt" count="2"/>
      <line num="405" type="stmt" count="2"/>
      <line num="406" type="stmt" count="2"/>
      <line num="408" type="stmt" count="2"/>
      <line num="410" type="stmt" count="0"/>
      <line num="413" type="stmt" count="93"/>
      <line num="420" type="method" name="_buildOptions" visibility="private" complexity="17" crap="17.84" count="92"/>
      <line num="422" type="stmt" count="92"/>
      <line num="423" type="stmt" count="92"/>
      <line num="424" type="stmt" count="53"/>
      <line num="426" type="stmt" count="53"/>
      <line num="427" type="stmt" count="0"/>
      <line num="428" type="stmt" count="0"/>
      <line num="429" type="stmt" count="53"/>
      <line num="430" type="stmt" count="1"/>
      <line num="431" type="stmt" count="1"/>
      <line num="432" type="stmt" count="53"/>
      <line num="433" type="stmt" count="39"/>
      <line num="434" type="stmt" count="39"/>
      <line num="435" type="stmt" count="30"/>
      <line num="436" type="stmt" count="8"/>
      <line num="437" type="stmt" count="8"/>
      <line num="439" type="stmt" count="8"/>
      <line num="440" type="stmt" count="8"/>
      <line num="441" type="stmt" count="8"/>
      <line num="442" type="stmt" count="8"/>
      <line num="445" type="stmt" count="8"/>
      <line num="446" type="stmt" count="23"/>
      <line num="447" type="stmt" count="0"/>
      <line num="448" type="stmt" count="0"/>
      <line num="449" type="stmt" count="23"/>
      <line num="450" type="stmt" count="1"/>
      <line num="451" type="stmt" count="1"/>
      <line num="452" type="stmt" count="22"/>
      <line num="453" type="stmt" count="2"/>
      <line num="454" type="stmt" count="2"/>
      <line num="456" type="stmt" count="2"/>
      <line num="458" type="stmt" count="21"/>
      <line num="459" type="stmt" count="2"/>
      <line num="462" type="stmt" count="21"/>
      <line num="464" type="stmt" count="0"/>
      <line num="469" type="stmt" count="92"/>
      <line num="475" type="method" name="_buildNestedOptions" visibility="private" complexity="6" crap="6" count="2"/>
      <line num="477" type="stmt" count="2"/>
      <line num="478" type="stmt" count="2"/>
      <line num="479" type="stmt" count="1"/>
      <line num="480" type="stmt" count="1"/>
      <line num="481" type="stmt" count="1"/>
      <line num="483" type="stmt" count="2"/>
      <line num="485" type="stmt" count="1"/>
      <line num="486" type="stmt" count="1"/>
      <line num="487" type="stmt" count="1"/>
      <line num="488" type="stmt" count="1"/>
      <line num="489" type="stmt" count="1"/>
      <line num="491" type="stmt" count="1"/>
      <line num="495" type="stmt" count="1"/>
      <line num="498" type="stmt" count="2"/>
      <line num="501" type="method" name="_parseFilter" visibility="public" complexity="3" crap="3" count="2"/>
      <line num="504" type="stmt" count="2"/>
      <line num="505" type="stmt" count="1"/>
      <line num="506" type="stmt" count="1"/>
      <line num="507" type="stmt" count="1"/>
      <line num="508" type="stmt" count="1"/>
      <line num="509" type="stmt" count="1"/>
      <line num="510" type="stmt" count="1"/>
      <line num="511" type="stmt" count="1"/>
      <line num="512" type="stmt" count="1"/>
      <line num="513" type="stmt" count="1"/>
      <line num="514" type="stmt" count="1"/>
      <line num="515" type="stmt" count="1"/>
      <line num="516" type="stmt" count="1"/>
      <line num="518" type="stmt" count="1"/>
      <line num="519" type="stmt" count="1"/>
      <line num="523" type="method" name="_parseFilterParameter" visibility="public" complexity="1" crap="1" count="2"/>
      <line num="525" type="stmt" count="2"/>
      <line num="526" type="stmt" count="2"/>
      <line num="528" type="stmt" count="2"/>
      <line num="529" type="stmt" count="2"/>
      <line num="530" type="stmt" count="2"/>
      <line num="531" type="stmt" count="2"/>
      <line num="532" type="stmt" count="2"/>
      <line num="533" type="stmt" count="2"/>
      <line num="534" type="stmt" count="2"/>
      <line num="535" type="stmt" count="2"/>
      <line num="536" type="stmt" count="2"/>
      <line num="537" type="stmt" count="2"/>
      <line num="538" type="stmt" count="2"/>
      <line num="540" type="stmt" count="2"/>
      <metrics loc="544" ncloc="505" classes="1" methods="12" coveredmethods="6" conditionals="0" coveredconditionals="0" statements="326" coveredstatements="284" elements="338" coveredelements="290"/>
    </file>
    <file name="/home/runner/work/laravel-elasticsearch/laravel-elasticsearch/src/DSL/Results.php">
      <class name="PDPhilip\Elasticsearch\DSL\Results" namespace="global">
        <metrics complexity="14" methods="9" coveredmethods="5" conditionals="0" coveredconditionals="0" statements="25" coveredstatements="17" elements="34" coveredelements="22"/>
      </class>
      <line num="17" type="method" name="__construct" visibility="public" complexity="5" crap="5.01" count="119"/>
      <line num="19" type="stmt" count="119"/>
      <line num="20" type="stmt" count="119"/>
      <line num="21" type="stmt" count="119"/>
      <line num="22" type="stmt" count="119"/>
      <line num="23" type="stmt" count="119"/>
      <line num="24" type="stmt" count="119"/>
      <line num="25" type="stmt" count="90"/>
      <line num="27" type="stmt" count="119"/>
      <line num="28" type="stmt" count="2"/>
      <line num="30" type="stmt" count="119"/>
      <line num="31" type="stmt" count="19"/>
      <line num="33" type="stmt" count="119"/>
      <line num="34" type="stmt" count="0"/>
      <line num="38" type="method" name="setError" visibility="public" complexity="1" crap="2" count="0"/>
      <line num="40" type="stmt" count="0"/>
      <line num="43" type="method" name="isSuccessful" visibility="public" complexity="1" crap="1" count="104"/>
      <line num="45" type="stmt" count="104"/>
      <line num="48" type="method" name="getMetaData" visibility="public" complexity="1" crap="1" count="88"/>
      <line num="50" type="stmt" count="88"/>
      <line num="53" type="method" name="getMetaDataAsArray" visibility="public" complexity="1" crap="2" count="0"/>
      <line num="55" type="stmt" count="0"/>
      <line num="58" type="method" name="getLogFormattedMetaData" visibility="public" complexity="2" crap="6" count="0"/>
      <line num="60" type="stmt" count="0"/>
      <line num="61" type="stmt" count="0"/>
      <line num="62" type="stmt" count="0"/>
      <line num="63" type="stmt" count="0"/>
      <line num="66" type="stmt" count="0"/>
      <line num="69" type="method" name="getInsertedId" visibility="public" complexity="1" crap="1" count="87"/>
      <line num="71" type="stmt" count="87"/>
      <line num="74" type="method" name="getModifiedCount" visibility="public" complexity="1" crap="1" count="19"/>
      <line num="76" type="stmt" count="19"/>
      <line num="79" type="method" name="getDeletedCount" visibility="public" complexity="1" crap="1" count="4"/>
      <line num="81" type="stmt" count="4"/>
      <metrics loc="84" ncloc="84" classes="1" methods="9" coveredmethods="5" conditionals="0" coveredconditionals="0" statements="25" coveredstatements="17" elements="34" coveredelements="22"/>
    </file>
    <file name="/home/runner/work/laravel-elasticsearch/laravel-elasticsearch/src/DSL/exceptions/ParameterException.php">
      <class name="PDPhilip\Elasticsearch\DSL\exceptions\ParameterException" namespace="global">
        <metrics complexity="2" methods="2" coveredmethods="0" conditionals="0" coveredconditionals="0" statements="3" coveredstatements="0" elements="5" coveredelements="0"/>
      </class>
      <line num="13" type="method" name="__construct" visibility="public" complexity="1" crap="2" count="0"/>
      <line num="15" type="stmt" count="0"/>
      <line num="17" type="stmt" count="0"/>
      <line num="20" type="method" name="getDetails" visibility="public" complexity="1" crap="2" count="0"/>
      <line num="22" type="stmt" count="0"/>
      <metrics loc="25" ncloc="25" classes="1" methods="2" coveredmethods="0" conditionals="0" coveredconditionals="0" statements="3" coveredstatements="0" elements="5" coveredelements="0"/>
    </file>
    <file name="/home/runner/work/laravel-elasticsearch/laravel-elasticsearch/src/DSL/exceptions/QueryException.php">
      <class name="PDPhilip\Elasticsearch\DSL\exceptions\QueryException" namespace="global">
[...]
      <line num="35" type="stmt" count="0"/>
      <metrics loc="38" ncloc="36" classes="1" methods="3" coveredmethods="0" conditionals="0" coveredconditionals="0" statements="7" coveredstatements="0" elements="10" coveredelements="0"/>
    </file>
    <file name="/home/runner/work/laravel-elasticsearch/laravel-elasticsearch/src/Schema/AnalyzerBlueprint.php">
      <class name="PDPhilip\Elasticsearch\Schema\AnalyzerBlueprint" namespace="global">
        <metrics complexity="14" methods="9" coveredmethods="5" conditionals="0" coveredconditionals="0" statements="23" coveredstatements="19" elements="32" coveredelements="24"/>
      </class>
      <line num="21" type="method" name="__construct" visibility="public" complexity="1" crap="1" count="1"/>
      <line num="23" type="stmt" count="1"/>
      <line num="30" type="method" name="analyzer" visibility="public" complexity="1" crap="1" count="1"/>
      <line num="32" type="stmt" count="1"/>
      <line num="35" type="method" name="addProperty" visibility="protected" complexity="1" crap="1" count="1"/>
      <line num="37" type="stmt" count="1"/>
      <line num="38" type="stmt" count="1"/>
      <line num="39" type="stmt" count="1"/>
      <line num="42" type="method" name="addPropertyDefinition" visibility="protected" complexity="1" crap="1" count="1"/>
      <line num="44" type="stmt" count="1"/>
      <line num="46" type="stmt" count="1"/>
      <line num="49" type="method" name="tokenizer" visibility="public" complexity="1" crap="2" count="0"/>
      <line num="51" type="stmt" count="0"/>
      <line num="58" type="method" name="charFilter" visibility="public" complexity="1" crap="2" count="0"/>
      <line num="60" type="stmt" count="0"/>
      <line num="63" type="method" name="filter" visibility="public" complexity="1" crap="2" count="0"/>
      <line num="65" type="stmt" count="0"/>
      <line num="72" type="method" name="buildIndexAnalyzerSettings" visibility="public" complexity="2" crap="2" count="1"/>
      <line num="74" type="stmt" count="1"/>
      <line num="75" type="stmt" count="1"/>
      <line num="76" type="stmt" count="1"/>
      <line num="77" type="stmt" count="1"/>
      <line num="80" type="stmt" count="1"/>
      <line num="86" type="method" name="_formatParams" visibility="private" complexity="5" crap="5.05" count="1"/>
      <line num="88" type="stmt" count="1"/>
      <line num="89" type="stmt" count="1"/>
      <line num="90" type="stmt" count="1"/>
      <line num="91" type="stmt" count="1"/>
      <line num="92" type="stmt" count="1"/>
      <line num="93" type="stmt" count="1"/>
      <line num="95" type="stmt" count="0"/>
      <line num="98" type="stmt" count="1"/>
      <metrics loc="103" ncloc="88" classes="1" methods="9" coveredmethods="5" conditionals="0" coveredconditionals="0" statements="23" coveredstatements="19" elements="32" coveredelements="24"/>
    </file>
    <file name="/home/runner/work/laravel-elasticsearch/laravel-elasticsearch/src/Schema/Builder.php">
      <class name="PDPhilip\Elasticsearch\Schema\Builder" namespace="global">
        <metrics complexity="39" methods="24" coveredmethods="12" conditionals="0" coveredconditionals="0" statements="88" coveredstatements="67" elements="112" coveredelements="79"/>
      </class>
      <line num="16" type="method" name="__construct" visibility="public" complexity="1" crap="1" count="128"/>
      <line num="18" type="stmt" count="128"/>
      <line num="25" type="method" name="overridePrefix" visibility="public" complexity="1" crap="1" count="1"/>
      <line num="27" type="stmt" count="1"/>
      <line num="29" type="stmt" count="1"/>
      <line num="32" type="method" name="getSettings" visibility="public" complexity="1" crap="1" count="1"/>
      <line num="34" type="stmt" count="1"/>
      <line num="36" type="stmt" count="1"/>
      <line num="39" type="method" name="getIndex" visibility="public" complexity="2" crap="2.06" count="128"/>
      <line num="41" type="stmt" count="128"/>
      <line num="42" type="stmt" count="128"/>
      <line num="44" type="stmt" count="128"/>
      <line num="47" type="stmt" count="0"/>
      <line num="51" type="method" name="hasIndex" visibility="public" complexity="1" crap="1" count="128"/>
      <line num="53" type="stmt" count="128"/>
      <line num="55" type="stmt" count="128"/>
      <line num="58" type="method" name="getIndices" visibility="public" complexity="1" crap="2" count="0"/>
      <line num="60" type="stmt" count="0"/>
      <line num="67" type="method" name="create" visibility="public" complexity="1" crap="1" count="128"/>
      <line num="69" type="stmt" count="128"/>
      <line num="70" type="stmt" count="128"/>
      <line num="71" type="stmt" count="128"/>
      <line num="73" type="stmt" count="128"/>
      <line num="76" type="method" name="builder" visibility="protected" complexity="1" crap="1" count="128"/>
      <line num="78" type="stmt" count="128"/>
      <line num="85" type="method" name="createIfNotExists" visibility="public" complexity="2" crap="2.02" count="128"/>
      <line num="87" type="stmt" count="128"/>
      <line num="88" type="stmt" count="0"/>
      <line num="90" type="stmt" count="128"/>
      <line num="91" type="stmt" count="128"/>
      <line num="92" type="stmt" count="128"/>
      <line num="94" type="stmt" count="128"/>
      <line num="101" type="method" name="reIndex" visibility="public" complexity="1" crap="2" count="0"/>
      <line num="103" type="stmt" count="0"/>
      <line num="110" type="method" name="modify" visibility="public" complexity="1" crap="1" count="1"/>
      <line num="112" type="stmt" count="1"/>
      <line num="113" type="stmt" count="1"/>
      <line num="114" type="stmt" count="1"/>
      <line num="116" type="stmt" count="1"/>
      <line num="119" type="method" name="delete" visibility="public" complexity="1" crap="2" count="0"/>
      <line num="121" type="stmt" count="0"/>
      <line num="123" type="stmt" count="0"/>
      <line num="130" type="method" name="deleteIfExists" visibility="public" complexity="2" crap="2" count="128"/>
      <line num="132" type="stmt" count="128"/>
      <line num="133" type="stmt" count="127"/>
      <line num="135" type="stmt" count="127"/>
      <line num="138" type="stmt" count="9"/>
      <line num="145" type="method" name="createTemplate" visibility="public" complexity="1" crap="2" count="0"/>
      <line num="148" type="stmt" count="0"/>
      <line num="154" type="method" name="setAnalyser" visibility="public" complexity="1" crap="1" count="1"/>
      <line num="156" type="stmt" count="1"/>
      <line num="157" type="stmt" count="1"/>
      <line num="158" type="stmt" count="1"/>
      <line num="160" type="stmt" count="1"/>
      <line num="163" type="method" name="analyzerBuilder" visibility="protected" complexity="1" crap="1" count="1"/>
      <line num="165" type="stmt" count="1"/>
      <line num="168" type="method" name="hasField" visibility="public" complexity="3" crap="3.10" count="1"/>
      <line num="170" type="stmt" count="1"/>
      <line num="173" type="stmt" count="1"/>
      <line num="174" type="stmt" count="1"/>
      <line num="175" type="stmt" count="1"/>
      <line num="176" type="stmt" count="1"/>
      <line num="177" type="stmt" count="1"/>
      <line num="178" type="stmt" count="1"/>
      <line num="180" type="stmt" count="0"/>
      <line num="184" type="stmt" count="0"/>
      <line num="192" type="method" name="getMappings" visibility="public" complexity="1" crap="1" count="16"/>
      <line num="194" type="stmt" count="16"/>
      <line num="196" type="stmt" count="16"/>
      <line num="203" type="method" name="_flattenFields" visibility="private" complexity="3" crap="3" count="2"/>
      <line num="206" type="stmt" count="2"/>
      <line num="207" type="stmt" count="2"/>
      <line num="208" type="stmt" count="2"/>
      <line num="209" type="stmt" count="2"/>
      <line num="211" type="stmt" count="2"/>
      <line num="215" type="stmt" count="2"/>
      <line num="218" type="method" name="_sanitizeFlatFields" visibility="private" complexity="4" crap="4.01" count="2"/>
      <line num="220" type="stmt" count="2"/>
      <line num="221" type="stmt" count="2"/>
      <line num="222" type="stmt" count="2"/>
      <line num="223" type="stmt" count="2"/>
      <line num="224" type="stmt" count="2"/>
      <line num="225" type="stmt" count="2"/>
      <line num="226" type="stmt" count="2"/>
      <line num="227" type="stmt" count="0"/>
      <line num="230" type="stmt" count="2"/>
      <line num="231" type="stmt" count="2"/>
      <line num="235" type="stmt" count="2"/>
      <line num="238" type="method" name="hasFields" visibility="public" complexity="4" crap="4.25" count="1"/>
      <line num="240" type="stmt" count="1"/>
      <line num="243" type="stmt" count="1"/>
      <line num="244" type="stmt" count="1"/>
      <line num="245" type="stmt" count="1"/>
      <line num="246" type="stmt" count="1"/>
      <line num="247" type="stmt" count="1"/>
      <line num="248" type="stmt" count="1"/>
      <line num="249" type="stmt" count="1"/>
      <line num="250" type="stmt" count="0"/>
      <line num="254" type="stmt" count="1"/>
      <line num="255" type="stmt" count="0"/>
      <line num="256" type="stmt" count="0"/>
      <line num="266" type="method" name="dsl" visibility="public" complexity="1" crap="2" count="0"/>
      <line num="268" type="stmt" count="0"/>
      <line num="275" type="method" name="flatten" visibility="public" complexity="3" crap="12" count="0"/>
      <line num="277" type="stmt" count="0"/>
      <line num="278" type="stmt" count="0"/>
      <line num="279" type="stmt" count="0"/>
      <line num="280" type="stmt" count="0"/>
      <line num="282" type="stmt" count="0"/>
      <line num="286" type="stmt" count="0"/>
      <line num="289" type="method" name="hasTable" visibility="public" complexity="1" crap="2" count="0"/>
      <line num="291" type="stmt" count="0"/>
      <metrics loc="294" ncloc="256" classes="1" methods="24" coveredmethods="12" conditionals="0" coveredconditionals="0" statements="88" coveredstatements="67" elements="112" coveredelements="79"/>
    </file>
    <file name="/home/runner/work/laravel-elasticsearch/laravel-elasticsearch/src/Schema/Definitions/AnalyzerPropertyDefinition.php">
      <class name="PDPhilip\Elasticsearch\Schema\Definitions\AnalyzerPropertyDefinition" namespace="global">
        <metrics complexity="0" methods="0" coveredmethods="0" conditionals="0" coveredconditionals="0" statements="0" coveredstatements="0" elements="0" coveredelements="0"/>
      </class>
      <metrics loc="23" ncloc="12" classes="0" methods="0" coveredmethods="0" conditionals="0" coveredconditionals="0" statements="0" coveredstatements="0" elements="0" coveredelements="0"/>
    </file>
    <file name="/home/runner/work/laravel-elasticsearch/laravel-elasticsearch/src/Schema/Definitions/FieldDefinition.php">
      <class name="PDPhilip\Elasticsearch\Schema\Definitions\FieldDefinition" namespace="global">
        <metrics complexity="0" methods="0" coveredmethods="0" conditionals="0" coveredconditionals="0" statements="0" coveredstatements="0" elements="0" coveredelements="0"/>
      </class>
      <metrics loc="29" ncloc="12" classes="0" methods="0" coveredmethods="0" conditionals="0" coveredconditionals="0" statements="0" coveredstatements="0" elements="0" coveredelements="0"/>
    </file>
    <file name="/home/runner/work/laravel-elasticsearch/laravel-elasticsearch/src/Schema/Grammar.php">
      <class name="PDPhilip\Elasticsearch\Schema\Grammar" namespace="global">
        <metrics complexity="0" methods="0" coveredmethods="0" conditionals="0" coveredconditionals="0" statements="0" coveredstatements="0" elements="0" coveredelements="0"/>
      </class>
      <metrics loc="11" ncloc="10" classes="0" methods="0" coveredmethods="0" conditionals="0" coveredconditionals="0" statements="0" coveredstatements="0" elements="0" coveredelements="0"/>
    </file>
    <file name="/home/runner/work/laravel-elasticsearch/laravel-elasticsearch/src/Schema/IndexBlueprint.php">
      <class name="PDPhilip\Elasticsearch\Schema\IndexBlueprint" namespace="global">
        <metrics complexity="37" methods="30" coveredmethods="14" conditionals="0" coveredconditionals="0" statements="51" coveredstatements="33" elements="81" coveredelements="47"/>
      </class>
      <line num="23" type="method" name="__construct" visibility="public" complexity="1" crap="1" count="128"/>
      <line num="25" type="stmt" count="128"/>
      <line num="26" type="stmt" count="128"/>
      <line num="33" type="method" name="text" visibility="public" complexity="1" crap="1" count="128"/>
      <line num="35" type="stmt" count="128"/>
      <line num="38" type="method" name="addField" visibility="protected" complexity="1" crap="1" count="128"/>
      <line num="40" type="stmt" count="128"/>
      <line num="41" type="stmt" count="128"/>
      <line num="42" type="stmt" count="128"/>
      <line num="45" type="method" name="addFieldDefinition" visibility="protected" complexity="1" crap="1" count="128"/>
      <line num="47" type="stmt" count="128"/>
      <line num="49" type="stmt" count="128"/>
      <line num="52" type="method" name="array" visibility="public" complexity="1" crap="2" count="0"/>
      <line num="54" type="stmt" count="0"/>
      <line num="61" type="method" name="boolean" visibility="public" complexity="1" crap="1" count="128"/>
      <line num="63" type="stmt" count="128"/>
      <line num="66" type="method" name="keyword" visibility="public" complexity="1" crap="1" count="128"/>
      <line num="68" type="stmt" count="128"/>
      <line num="71" type="method" name="long" visibility="public" complexity="1" crap="2" count="0"/>
      <line num="73" type="stmt" count="0"/>
      <line num="76" type="method" name="integer" visibility="public" complexity="1" crap="1" count="128"/>
      <line num="78" type="stmt" count="128"/>
      <line num="81" type="method" name="short" visibility="public" complexity="1" crap="2" count="0"/>
      <line num="83" type="stmt" count="0"/>
      <line num="86" type="method" name="byte" visibility="public" complexity="1" crap="2" count="0"/>
      <line num="88" type="stmt" count="0"/>
      <line num="91" type="method" name="double" visibility="public" complexity="1" crap="2" count="0"/>
      <line num="93" type="stmt" count="0"/>
      <line num="96" type="method" name="float" visibility="public" complexity="1" crap="1" count="128"/>
      <line num="98" type="stmt" count="128"/>
      <line num="101" type="method" name="halfFloat" visibility="public" complexity="1" crap="2" count="0"/>
      <line num="103" type="stmt" count="0"/>
      <line num="108" type="method" name="scaledFloat" visibility="public" complexity="1" crap="2" count="0"/>
      <line num="110" type="stmt" count="0"/>
      <line num="111" type="stmt" count="0"/>
      <line num="112" type="stmt" count="0"/>
      <line num="115" type="method" name="unsignedLong" visibility="public" complexity="1" crap="2" count="0"/>
      <line num="117" type="stmt" count="0"/>
      <line num="120" type="method" name="date" visibility="public" complexity="2" crap="2.15" count="128"/>
      <line num="122" type="stmt" count="128"/>
      <line num="123" type="stmt" count="0"/>
      <line num="126" type="stmt" count="128"/>
      <line num="130" type="method" name="geo" visibility="public" complexity="1" crap="1" count="128"/>
      <line num="132" type="stmt" count="128"/>
      <line num="135" type="method" name="nested" visibility="public" complexity="1" crap="1" count="128"/>
      <line num="137" type="stmt" count="128"/>
      <line num="140" type="method" name="alias" visibility="public" complexity="1" crap="2" count="0"/>
      <line num="142" type="stmt" count="0"/>
      <line num="145" type="method" name="ip" visibility="public" complexity="1" crap="1" count="1"/>
      <line num="147" type="stmt" count="1"/>
      <line num="150" type="method" name="mapProperty" visibility="public" complexity="1" crap="2" count="0"/>
      <line num="152" type="stmt" count="0"/>
      <line num="155" type="method" name="settings" visibility="public" complexity="1" crap="1" count="1"/>
      <line num="157" type="stmt" count="1"/>
      <line num="164" type="method" name="map" visibility="public" complexity="1" crap="2" count="0"/>
      <line num="166" type="stmt" count="0"/>
      <line num="169" type="method" name="field" visibility="public" complexity="1" crap="2" count="0"/>
      <line num="171" type="stmt" count="0"/>
      <line num="178" type="method" name="buildIndexCreate" visibility="public" complexity="2" crap="2" count="128"/>
      <line num="180" type="stmt" count="128"/>
      <line num="181" type="stmt" count="128"/>
      <line num="182" type="stmt" count="128"/>
      <line num="183" type="stmt" count="128"/>
      <line num="187" type="method" name="_formatParams" visibility="private" complexity="5" crap="5.05" count="128"/>
      <line num="189" type="stmt" count="128"/>
      <line num="190" type="stmt" count="128"/>
      <line num="191" type="stmt" count="128"/>
      <line num="192" type="stmt" count="128"/>
      <line num="193" type="stmt" count="128"/>
      <line num="194" type="stmt" count="128"/>
      <line num="196" type="stmt" count="0"/>
      <line num="199" type="stmt" count="128"/>
      <line num="214" type="method" name="buildIndexModify" visibility="public" complexity="2" crap="2" count="1"/>
      <line num="216" type="stmt" count="1"/>
      <line num="217" type="stmt" count="1"/>
      <line num="218" type="stmt" count="1"/>
      <line num="219" type="stmt" count="1"/>
      <line num="223" type="method" name="increments" visibility="public" complexity="1" crap="2" count="0"/>
      <line num="225" type="stmt" count="0"/>
      <line num="232" type="method" name="string" visibility="public" complexity="1" crap="2" count="0"/>
      <line num="234" type="stmt" count="0"/>
      <metrics loc="237" ncloc="210" classes="1" methods="30" coveredmethods="14" conditionals="0" coveredconditionals="0" statements="51" coveredstatements="33" elements="81" coveredelements="47"/>
    </file>
    <file name="/home/runner/work/laravel-elasticsearch/laravel-elasticsearch/src/Schema/Schema.php">
      <class name="PDPhilip\Elasticsearch\Schema\Schema" namespace="global">
        <metrics complexity="5" methods="4" coveredmethods="2" conditionals="0" coveredconditionals="0" statements="7" coveredstatements="5" elements="11" coveredelements="7"/>
      </class>
      <line num="39" type="method" name="on" visibility="public" complexity="1" crap="2" count="0"/>
      <line num="41" type="stmt" count="0"/>
      <line num="49" type="method" name="connection" visibility="public" complexity="2" crap="2.15" count="3"/>
      <line num="52" type="stmt" count="3"/>
      <line num="53" type="stmt" count="0"/>
      <line num="56" type="stmt" count="3"/>
      <line num="62" type="method" name="getFacadeAccessor" visibility="protected" complexity="1" crap="1" count="128"/>
      <line num="64" type="stmt" count="128"/>
      <line num="67" type="method" name="__callStatic" visibility="public" complexity="1" crap="1" count="128"/>
      <line num="69" type="stmt" count="128"/>
      <line num="71" type="stmt" count="128"/>
      <metrics loc="74" ncloc="38" classes="1" methods="4" coveredmethods="2" conditionals="0" coveredconditionals="0" statements="7" coveredstatements="5" elements="11" coveredelements="7"/>
    </file>
    <metrics files="42" loc="7656" ncloc="6588" classes="34" methods="489" coveredmethods="214" conditionals="0" coveredconditionals="0" statements="2697" coveredstatements="1718" elements="3186" coveredelements="1932"/>
  </project>
</coverage>
